Picked up JAVA_TOOL_OPTIONS: -Dstdout.encoding=UTF-8 -Dstderr.encoding=UTF-8
[INFO] Scanning for projects...
[INFO] 
[INFO] --------------------< cammossleague:cammossleague >---------------------
[INFO] Building cammossleague 0.0.1-SNAPSHOT
[INFO]   from pom.xml
[INFO] --------------------------------[ jar ]---------------------------------
[INFO] 
[INFO] >>> spring-boot:3.5.3:run (default-cli) > test-compile @ cammossleague >>>
[INFO] 
[INFO] --- resources:3.3.1:resources (default-resources) @ cammossleague ---
[INFO] Copying 3 resources from src\main\resources to target\classes
[INFO] Copying 6 resources from src\main\resources to target\classes
[INFO] 
[INFO] --- compiler:3.14.0:compile (default-compile) @ cammossleague ---
[INFO] Recompiling the module because of changed source code.
[INFO] Compiling 30 source files with javac [debug parameters release 21] to target\classes
[INFO] Annotation processing is enabled because one or more processors were found
  on the class path. A future release of javac may disable annotation processing
  unless at least one processor is specified by name (-processor), or a search
  path is specified (--processor-path, --processor-module-path), or annotation
  processing is enabled explicitly (-proc:only, -proc:full).
  Use -Xlint:-options to suppress this message.
  Use -proc:none to disable annotation processing.
[INFO] 
[INFO] --- resources:3.3.1:testResources (default-testResources) @ cammossleague ---
[INFO] skip non existing resourceDirectory C:\Users\lukel\SideProjects\Cam Moss League\src\test\resources
[INFO] 
[INFO] --- compiler:3.14.0:testCompile (default-testCompile) @ cammossleague ---
[INFO] Recompiling the module because of changed dependency.
[INFO] Compiling 2 source files with javac [debug parameters release 21] to target\test-classes
[INFO] Annotation processing is enabled because one or more processors were found
  on the class path. A future release of javac may disable annotation processing
  unless at least one processor is specified by name (-processor), or a search
  path is specified (--processor-path, --processor-module-path), or annotation
  processing is enabled explicitly (-proc:only, -proc:full).
  Use -Xlint:-options to suppress this message.
  Use -proc:none to disable annotation processing.
[INFO] 
[INFO] <<< spring-boot:3.5.3:run (default-cli) < test-compile @ cammossleague <<<
[INFO] 
[INFO] 
[INFO] --- spring-boot:3.5.3:run (default-cli) @ cammossleague ---
[INFO] Attaching agents: []
Picked up JAVA_TOOL_OPTIONS: -Dstdout.encoding=UTF-8 -Dstderr.encoding=UTF-8

  .   ____          _            __ _ _
 /\\ / ___'_ __ _ _(_)_ __  __ _ \ \ \ \
( ( )\___ | '_ | '_| | '_ \/ _` | \ \ \ \
 \\/  ___)| |_)| | | | | || (_| |  ) ) ) )
  '  |____| .__|_| |_|_| |_\__, | / / / /
 =========|_|==============|___/=/_/_/_/

 :: Spring Boot ::                (v3.5.3)

2025-08-08T11:29:31.997-04:00  INFO 22904 --- [cammossleague] [  restartedMain] cammossleague.CammossleagueApplication   : Starting CammossleagueApplication using Java 21.0.4 with PID 22904 (C:\Users\lukel\SideProjects\Cam Moss League\target\classes started by lukel in C:\Users\lukel\SideProjects\Cam Moss League)
2025-08-08T11:29:31.999-04:00 DEBUG 22904 --- [cammossleague] [  restartedMain] cammossleague.CammossleagueApplication   : Running with Spring Boot v3.5.3, Spring v6.2.8
2025-08-08T11:29:32.000-04:00  INFO 22904 --- [cammossleague] [  restartedMain] cammossleague.CammossleagueApplication   : The following 1 profile is active: "local"
2025-08-08T11:29:32.035-04:00  INFO 22904 --- [cammossleague] [  restartedMain] .e.DevToolsPropertyDefaultsPostProcessor : Devtools property defaults active! Set 'spring.devtools.add-properties' to 'false' to disable
2025-08-08T11:29:32.036-04:00  INFO 22904 --- [cammossleague] [  restartedMain] .e.DevToolsPropertyDefaultsPostProcessor : For additional web related logging consider setting the 'logging.level.web' property to 'DEBUG'
2025-08-08T11:29:32.621-04:00  INFO 22904 --- [cammossleague] [  restartedMain] .s.d.r.c.RepositoryConfigurationDelegate : Bootstrapping Spring Data JPA repositories in DEFAULT mode.
2025-08-08T11:29:32.664-04:00  INFO 22904 --- [cammossleague] [  restartedMain] .s.d.r.c.RepositoryConfigurationDelegate : Finished Spring Data repository scanning in 37 ms. Found 3 JPA repository interfaces.
2025-08-08T11:29:33.056-04:00  INFO 22904 --- [cammossleague] [  restartedMain] o.s.b.w.embedded.tomcat.TomcatWebServer  : Tomcat initialized with port 8080 (http)
2025-08-08T11:29:33.065-04:00  INFO 22904 --- [cammossleague] [  restartedMain] o.apache.catalina.core.StandardService   : Starting service [Tomcat]
2025-08-08T11:29:33.065-04:00  INFO 22904 --- [cammossleague] [  restartedMain] o.apache.catalina.core.StandardEngine    : Starting Servlet engine: [Apache Tomcat/10.1.42]
2025-08-08T11:29:33.095-04:00  INFO 22904 --- [cammossleague] [  restartedMain] o.a.c.c.C.[Tomcat].[localhost].[/]       : Initializing Spring embedded WebApplicationContext
2025-08-08T11:29:33.096-04:00  INFO 22904 --- [cammossleague] [  restartedMain] w.s.c.ServletWebServerApplicationContext : Root WebApplicationContext: initialization completed in 1059 ms
2025-08-08T11:29:33.178-04:00  INFO 22904 --- [cammossleague] [  restartedMain] o.hibernate.jpa.internal.util.LogHelper  : HHH000204: Processing PersistenceUnitInfo [name: default]
2025-08-08T11:29:33.205-04:00  INFO 22904 --- [cammossleague] [  restartedMain] org.hibernate.Version                    : HHH000412: Hibernate ORM core version 6.6.18.Final
2025-08-08T11:29:33.223-04:00  INFO 22904 --- [cammossleague] [  restartedMain] o.h.c.internal.RegionFactoryInitiator    : HHH000026: Second-level cache disabled
2025-08-08T11:29:33.396-04:00  INFO 22904 --- [cammossleague] [  restartedMain] o.s.o.j.p.SpringPersistenceUnitInfo      : No LoadTimeWeaver setup: ignoring JPA class transformer
2025-08-08T11:29:33.413-04:00  INFO 22904 --- [cammossleague] [  restartedMain] com.zaxxer.hikari.HikariDataSource       : HikariPool-1 - Starting...
2025-08-08T11:29:33.514-04:00  INFO 22904 --- [cammossleague] [  restartedMain] com.zaxxer.hikari.pool.HikariPool        : HikariPool-1 - Added connection conn0: url=jdbc:h2:mem:testdb user=SA
2025-08-08T11:29:33.515-04:00  INFO 22904 --- [cammossleague] [  restartedMain] com.zaxxer.hikari.HikariDataSource       : HikariPool-1 - Start completed.
2025-08-08T11:29:33.528-04:00  WARN 22904 --- [cammossleague] [  restartedMain] org.hibernate.orm.deprecation            : HHH90000025: H2Dialect does not need to be specified explicitly using 'hibernate.dialect' (remove the property setting and it will be selected by default)
2025-08-08T11:29:33.540-04:00  INFO 22904 --- [cammossleague] [  restartedMain] org.hibernate.orm.connections.pooling    : HHH10001005: Database info:
	Database JDBC URL [Connecting through datasource 'HikariDataSource (HikariPool-1)']
	Database driver: undefined/unknown
	Database version: 2.3.232
	Autocommit mode: undefined/unknown
	Isolation level: undefined/unknown
	Minimum pool size: undefined/unknown
	Maximum pool size: undefined/unknown
2025-08-08T11:29:34.310-04:00  INFO 22904 --- [cammossleague] [  restartedMain] o.h.e.t.j.p.i.JtaPlatformInitiator       : HHH000489: No JTA platform available (set 'hibernate.transaction.jta.platform' to enable JTA platform integration)
2025-08-08T11:29:34.320-04:00 DEBUG 22904 --- [cammossleague] [  restartedMain] org.hibernate.SQL                        : 
    drop table if exists game_results cascade 
Hibernate: 
    drop table if exists game_results cascade 
2025-08-08T11:29:34.322-04:00 DEBUG 22904 --- [cammossleague] [  restartedMain] org.hibernate.SQL                        : 
    drop table if exists games cascade 
Hibernate: 
    drop table if exists games cascade 
2025-08-08T11:29:34.322-04:00 DEBUG 22904 --- [cammossleague] [  restartedMain] org.hibernate.SQL                        : 
    drop table if exists league_updates cascade 
Hibernate: 
    drop table if exists league_updates cascade 
2025-08-08T11:29:34.323-04:00 DEBUG 22904 --- [cammossleague] [  restartedMain] org.hibernate.SQL                        : 
    drop table if exists player_teams cascade 
Hibernate: 
    drop table if exists player_teams cascade 
2025-08-08T11:29:34.323-04:00 DEBUG 22904 --- [cammossleague] [  restartedMain] org.hibernate.SQL                        : 
    drop table if exists players cascade 
Hibernate: 
    drop table if exists players cascade 
2025-08-08T11:29:34.323-04:00 DEBUG 22904 --- [cammossleague] [  restartedMain] org.hibernate.SQL                        : 
    drop table if exists seasons cascade 
Hibernate: 
    drop table if exists seasons cascade 
2025-08-08T11:29:34.323-04:00 DEBUG 22904 --- [cammossleague] [  restartedMain] org.hibernate.SQL                        : 
    drop table if exists teams cascade 
Hibernate: 
    drop table if exists teams cascade 
2025-08-08T11:29:34.323-04:00 DEBUG 22904 --- [cammossleague] [  restartedMain] org.hibernate.SQL                        : 
    drop table if exists users cascade 
Hibernate: 
    drop table if exists users cascade 
2025-08-08T11:29:34.326-04:00 DEBUG 22904 --- [cammossleague] [  restartedMain] org.hibernate.SQL                        : 
    create table game_results (
        away_team_score integer not null,
        forfeit boolean not null,
        home_team_score integer not null,
        overtime boolean not null,
        forfeit_team_id bigint,
        game_id bigint not null unique,
        id bigint generated by default as identity,
        reported_at timestamp(6),
        reported_by_user_id bigint,
        verified_at timestamp(6),
        verified_by_user_id bigint,
        winning_team_id bigint,
        notes TEXT,
        primary key (id)
    )
Hibernate: 
    create table game_results (
        away_team_score integer not null,
        forfeit boolean not null,
        home_team_score integer not null,
        overtime boolean not null,
        forfeit_team_id bigint,
        game_id bigint not null unique,
        id bigint generated by default as identity,
        reported_at timestamp(6),
        reported_by_user_id bigint,
        verified_at timestamp(6),
        verified_by_user_id bigint,
        winning_team_id bigint,
        notes TEXT,
        primary key (id)
    )
2025-08-08T11:29:34.333-04:00 DEBUG 22904 --- [cammossleague] [  restartedMain] org.hibernate.SQL                        : 
    create table games (
        game_date date not null,
        game_time time(6) not null,
        is_completed boolean,
        week_number integer,
        away_team_id bigint not null,
        created_at timestamp(6),
        home_team_id bigint not null,
        id bigint generated by default as identity,
        season_id bigint not null,
        updated_at timestamp(6),
        court_number varchar(10),
        location varchar(255),
        notes TEXT,
        game_type enum ('CHAMPIONSHIP','PLAYOFF','REGULAR'),
        primary key (id)
    )
Hibernate: 
    create table games (
        game_date date not null,
        game_time time(6) not null,
        is_completed boolean,
        week_number integer,
        away_team_id bigint not null,
        created_at timestamp(6),
        home_team_id bigint not null,
        id bigint generated by default as identity,
        season_id bigint not null,
        updated_at timestamp(6),
        court_number varchar(10),
        location varchar(255),
        notes TEXT,
        game_type enum ('CHAMPIONSHIP','PLAYOFF','REGULAR'),
        primary key (id)
    )
2025-08-08T11:29:34.334-04:00 DEBUG 22904 --- [cammossleague] [  restartedMain] org.hibernate.SQL                        : 
    create table league_updates (
        is_pinned boolean,
        is_published boolean,
        author_user_id bigint not null,
        created_at timestamp(6),
        id bigint generated by default as identity,
        published_at timestamp(6),
        season_id bigint,
        updated_at timestamp(6),
        image_url varchar(500),
        content TEXT not null,
        title varchar(255) not null,
        update_type enum ('ANNOUNCEMENT','NEWS','PLAYOFF_UPDATE','SCHEDULE_CHANGE'),
        primary key (id)
    )
Hibernate: 
    create table league_updates (
        is_pinned boolean,
        is_published boolean,
        author_user_id bigint not null,
        created_at timestamp(6),
        id bigint generated by default as identity,
        published_at timestamp(6),
        season_id bigint,
        updated_at timestamp(6),
        image_url varchar(500),
        content TEXT not null,
        title varchar(255) not null,
        update_type enum ('ANNOUNCEMENT','NEWS','PLAYOFF_UPDATE','SCHEDULE_CHANGE'),
        primary key (id)
    )
2025-08-08T11:29:34.335-04:00 DEBUG 22904 --- [cammossleague] [  restartedMain] org.hibernate.SQL                        : 
    create table player_teams (
        approved_at timestamp(6),
        approved_by_user_id bigint,
        id bigint generated by default as identity,
        player_id bigint not null,
        requested_at timestamp(6),
        team_id bigint not null,
        notes TEXT,
        status enum ('ACTIVE','DECLINED','PENDING','RELEASED'),
        primary key (id)
    )
Hibernate: 
    create table player_teams (
        approved_at timestamp(6),
        approved_by_user_id bigint,
        id bigint generated by default as identity,
        player_id bigint not null,
        requested_at timestamp(6),
        team_id bigint not null,
        notes TEXT,
        status enum ('ACTIVE','DECLINED','PENDING','RELEASED'),
        primary key (id)
    )
2025-08-08T11:29:34.336-04:00 DEBUG 22904 --- [cammossleague] [  restartedMain] org.hibernate.SQL                        : 
    create table players (
        height_inches integer,
        is_active boolean,
        jersey_number integer,
        stats_assists integer,
        stats_games_played integer,
        stats_points integer,
        stats_rebounds integer,
        weight_lbs integer,
        years_experience integer,
        created_at timestamp(6),
        id bigint generated by default as identity,
        season_id bigint not null,
        updated_at timestamp(6),
        user_id bigint not null,
        position enum ('C','PF','PG','SF','SG','UTIL'),
        primary key (id)
    )
Hibernate: 
    create table players (
        height_inches integer,
        is_active boolean,
        jersey_number integer,
        stats_assists integer,
        stats_games_played integer,
        stats_points integer,
        stats_rebounds integer,
        weight_lbs integer,
        years_experience integer,
        created_at timestamp(6),
        id bigint generated by default as identity,
        season_id bigint not null,
        updated_at timestamp(6),
        user_id bigint not null,
        position enum ('C','PF','PG','SF','SG','UTIL'),
        primary key (id)
    )
2025-08-08T11:29:34.337-04:00 DEBUG 22904 --- [cammossleague] [  restartedMain] org.hibernate.SQL                        : 
    create table seasons (
        end_date date not null,
        is_active boolean,
        is_registration_open boolean,
        max_players_per_team integer,
        max_teams integer,
        playoff_start_date date,
        registration_close_date date,
        registration_open_date date,
        season_year integer not null,
        start_date date not null,
        created_at timestamp(6),
        id bigint generated by default as identity,
        updated_at timestamp(6),
        name varchar(100) not null,
        rules_url varchar(500),
        description TEXT,
        season_type enum ('FALL','SPRING','SUMMER','WINTER') not null,
        primary key (id)
    )
Hibernate: 
    create table seasons (
        end_date date not null,
        is_active boolean,
        is_registration_open boolean,
        max_players_per_team integer,
        max_teams integer,
        playoff_start_date date,
        registration_close_date date,
        registration_open_date date,
        season_year integer not null,
        start_date date not null,
        created_at timestamp(6),
        id bigint generated by default as identity,
        updated_at timestamp(6),
        name varchar(100) not null,
        rules_url varchar(500),
        description TEXT,
        season_type enum ('FALL','SPRING','SUMMER','WINTER') not null,
        primary key (id)
    )
2025-08-08T11:29:34.337-04:00 DEBUG 22904 --- [cammossleague] [  restartedMain] org.hibernate.SQL                        : 
    create table teams (
        is_active boolean not null,
        losses integer not null,
        points_against integer not null,
        points_for integer not null,
        wins integer not null,
        primary_color varchar(7),
        secondary_color varchar(7),
        captain_user_id bigint,
        coach_user_id bigint,
        created_at timestamp(6),
        id bigint generated by default as identity,
        season_id bigint not null,
        updated_at timestamp(6),
        city varchar(100),
        name varchar(100) not null,
        logo_url varchar(500),
        primary key (id)
    )
Hibernate: 
    create table teams (
        is_active boolean not null,
        losses integer not null,
        points_against integer not null,
        points_for integer not null,
        wins integer not null,
        primary_color varchar(7),
        secondary_color varchar(7),
        captain_user_id bigint,
        coach_user_id bigint,
        created_at timestamp(6),
        id bigint generated by default as identity,
        season_id bigint not null,
        updated_at timestamp(6),
        city varchar(100),
        name varchar(100) not null,
        logo_url varchar(500),
        primary key (id)
    )
2025-08-08T11:29:34.338-04:00 DEBUG 22904 --- [cammossleague] [  restartedMain] org.hibernate.SQL                        : 
    create table users (
        is_free_agent boolean,
        created_at timestamp(6),
        id bigint generated by default as identity,
        updated_at timestamp(6),
        emergency_contact_phone varchar(20),
        phone varchar(20),
        first_name varchar(100) not null,
        last_name varchar(100) not null,
        firebase_uid varchar(128) not null unique,
        profile_image_url varchar(500),
        email varchar(255) not null unique,
        emergency_contact_name varchar(255),
        role enum ('ADMIN','COACH','PLAYER') not null,
        primary key (id)
    )
Hibernate: 
    create table users (
        is_free_agent boolean,
        created_at timestamp(6),
        id bigint generated by default as identity,
        updated_at timestamp(6),
        emergency_contact_phone varchar(20),
        phone varchar(20),
        first_name varchar(100) not null,
        last_name varchar(100) not null,
        firebase_uid varchar(128) not null unique,
        profile_image_url varchar(500),
        email varchar(255) not null unique,
        emergency_contact_name varchar(255),
        role enum ('ADMIN','COACH','PLAYER') not null,
        primary key (id)
    )
2025-08-08T11:29:34.339-04:00 DEBUG 22904 --- [cammossleague] [  restartedMain] org.hibernate.SQL                        : 
    alter table if exists game_results 
       add constraint FK9dd9h27i0s70yjkge9y19on0l 
       foreign key (forfeit_team_id) 
       references teams
Hibernate: 
    alter table if exists game_results 
       add constraint FK9dd9h27i0s70yjkge9y19on0l 
       foreign key (forfeit_team_id) 
       references teams
2025-08-08T11:29:34.346-04:00 DEBUG 22904 --- [cammossleague] [  restartedMain] org.hibernate.SQL                        : 
    alter table if exists game_results 
       add constraint FKitvmo3j7r99dbrk6tjfbuckwk 
       foreign key (game_id) 
       references games
Hibernate: 
    alter table if exists game_results 
       add constraint FKitvmo3j7r99dbrk6tjfbuckwk 
       foreign key (game_id) 
       references games
2025-08-08T11:29:34.347-04:00 DEBUG 22904 --- [cammossleague] [  restartedMain] org.hibernate.SQL                        : 
    alter table if exists game_results 
       add constraint FK7wipk0ljx73dxttblmilg82b2 
       foreign key (reported_by_user_id) 
       references users
Hibernate: 
    alter table if exists game_results 
       add constraint FK7wipk0ljx73dxttblmilg82b2 
       foreign key (reported_by_user_id) 
       references users
2025-08-08T11:29:34.347-04:00 DEBUG 22904 --- [cammossleague] [  restartedMain] org.hibernate.SQL                        : 
    alter table if exists game_results 
       add constraint FKsa4u6pqemr01dfc5v39xmijh8 
       foreign key (verified_by_user_id) 
       references users
Hibernate: 
    alter table if exists game_results 
       add constraint FKsa4u6pqemr01dfc5v39xmijh8 
       foreign key (verified_by_user_id) 
       references users
2025-08-08T11:29:34.348-04:00 DEBUG 22904 --- [cammossleague] [  restartedMain] org.hibernate.SQL                        : 
    alter table if exists game_results 
       add constraint FK3mb36hg7jrqo6dlqjhne0edgk 
       foreign key (winning_team_id) 
       references teams
Hibernate: 
    alter table if exists game_results 
       add constraint FK3mb36hg7jrqo6dlqjhne0edgk 
       foreign key (winning_team_id) 
       references teams
2025-08-08T11:29:34.351-04:00 DEBUG 22904 --- [cammossleague] [  restartedMain] org.hibernate.SQL                        : 
    alter table if exists games 
       add constraint FKsxy8nadhptuk96oduoogs8p2c 
       foreign key (away_team_id) 
       references teams
Hibernate: 
    alter table if exists games 
       add constraint FKsxy8nadhptuk96oduoogs8p2c 
       foreign key (away_team_id) 
       references teams
2025-08-08T11:29:34.352-04:00 DEBUG 22904 --- [cammossleague] [  restartedMain] org.hibernate.SQL                        : 
    alter table if exists games 
       add constraint FKm58kfr0wpwqw4gbyan1wt4ohc 
       foreign key (home_team_id) 
       references teams
Hibernate: 
    alter table if exists games 
       add constraint FKm58kfr0wpwqw4gbyan1wt4ohc 
       foreign key (home_team_id) 
       references teams
2025-08-08T11:29:34.353-04:00 DEBUG 22904 --- [cammossleague] [  restartedMain] org.hibernate.SQL                        : 
    alter table if exists games 
       add constraint FK53ibjqiafg3doy46hsxisnaph 
       foreign key (season_id) 
       references seasons
Hibernate: 
    alter table if exists games 
       add constraint FK53ibjqiafg3doy46hsxisnaph 
       foreign key (season_id) 
       references seasons
2025-08-08T11:29:34.354-04:00 DEBUG 22904 --- [cammossleague] [  restartedMain] org.hibernate.SQL                        : 
    alter table if exists league_updates 
       add constraint FKki23705ye4t3swi7gnvdubj5a 
       foreign key (author_user_id) 
       references users
Hibernate: 
    alter table if exists league_updates 
       add constraint FKki23705ye4t3swi7gnvdubj5a 
       foreign key (author_user_id) 
       references users
2025-08-08T11:29:34.355-04:00 DEBUG 22904 --- [cammossleague] [  restartedMain] org.hibernate.SQL                        : 
    alter table if exists league_updates 
       add constraint FKhpt10fbeopnugpoqtv5dqvylr 
       foreign key (season_id) 
       references seasons
Hibernate: 
    alter table if exists league_updates 
       add constraint FKhpt10fbeopnugpoqtv5dqvylr 
       foreign key (season_id) 
       references seasons
2025-08-08T11:29:34.356-04:00 DEBUG 22904 --- [cammossleague] [  restartedMain] org.hibernate.SQL                        : 
    alter table if exists player_teams 
       add constraint FKe4uug7lderxb9o6gqexqlb4hg 
       foreign key (approved_by_user_id) 
       references users
Hibernate: 
    alter table if exists player_teams 
       add constraint FKe4uug7lderxb9o6gqexqlb4hg 
       foreign key (approved_by_user_id) 
       references users
2025-08-08T11:29:34.356-04:00 DEBUG 22904 --- [cammossleague] [  restartedMain] org.hibernate.SQL                        : 
    alter table if exists player_teams 
       add constraint FK46sd03o75akest1bopm7l4vd5 
       foreign key (player_id) 
       references players
Hibernate: 
    alter table if exists player_teams 
       add constraint FK46sd03o75akest1bopm7l4vd5 
       foreign key (player_id) 
       references players
2025-08-08T11:29:34.357-04:00 DEBUG 22904 --- [cammossleague] [  restartedMain] org.hibernate.SQL                        : 
    alter table if exists player_teams 
       add constraint FKwqgknd3tekt0g0ldpt5ylpyx 
       foreign key (team_id) 
       references teams
Hibernate: 
    alter table if exists player_teams 
       add constraint FKwqgknd3tekt0g0ldpt5ylpyx 
       foreign key (team_id) 
       references teams
2025-08-08T11:29:34.357-04:00 DEBUG 22904 --- [cammossleague] [  restartedMain] org.hibernate.SQL                        : 
    alter table if exists players 
       add constraint FKohwx7xp946lcat5vlp7evjm1h 
       foreign key (season_id) 
       references seasons
Hibernate: 
    alter table if exists players 
       add constraint FKohwx7xp946lcat5vlp7evjm1h 
       foreign key (season_id) 
       references seasons
2025-08-08T11:29:34.358-04:00 DEBUG 22904 --- [cammossleague] [  restartedMain] org.hibernate.SQL                        : 
    alter table if exists players 
       add constraint FK3rfv9832bif6rea5edetib8it 
       foreign key (user_id) 
       references users
Hibernate: 
    alter table if exists players 
       add constraint FK3rfv9832bif6rea5edetib8it 
       foreign key (user_id) 
       references users
2025-08-08T11:29:34.359-04:00 DEBUG 22904 --- [cammossleague] [  restartedMain] org.hibernate.SQL                        : 
    alter table if exists teams 
       add constraint FK72jsu6otd47xg7duxfsil2gt8 
       foreign key (captain_user_id) 
       references users
Hibernate: 
    alter table if exists teams 
       add constraint FK72jsu6otd47xg7duxfsil2gt8 
       foreign key (captain_user_id) 
       references users
2025-08-08T11:29:34.360-04:00 DEBUG 22904 --- [cammossleague] [  restartedMain] org.hibernate.SQL                        : 
    alter table if exists teams 
       add constraint FK3xsxpo793y048sr3qmpqbsw69 
       foreign key (coach_user_id) 
       references users
Hibernate: 
    alter table if exists teams 
       add constraint FK3xsxpo793y048sr3qmpqbsw69 
       foreign key (coach_user_id) 
       references users
2025-08-08T11:29:34.361-04:00 DEBUG 22904 --- [cammossleague] [  restartedMain] org.hibernate.SQL                        : 
    alter table if exists teams 
       add constraint FKlasqnwgl2q7ce6x16g0iyxj8p 
       foreign key (season_id) 
       references seasons
Hibernate: 
    alter table if exists teams 
       add constraint FKlasqnwgl2q7ce6x16g0iyxj8p 
       foreign key (season_id) 
       references seasons
2025-08-08T11:29:34.364-04:00  INFO 22904 --- [cammossleague] [  restartedMain] j.LocalContainerEntityManagerFactoryBean : Initialized JPA EntityManagerFactory for persistence unit 'default'
2025-08-08T11:29:34.595-04:00  WARN 22904 --- [cammossleague] [  restartedMain] JpaBaseConfiguration$JpaWebConfiguration : spring.jpa.open-in-view is enabled by default. Therefore, database queries may be performed during view rendering. Explicitly configure spring.jpa.open-in-view to disable this warning
2025-08-08T11:29:34.653-04:00 DEBUG 22904 --- [cammossleague] [  restartedMain] s.w.s.m.m.a.RequestMappingHandlerMapping : 10 mappings in 'requestMappingHandlerMapping'
2025-08-08T11:29:34.722-04:00 DEBUG 22904 --- [cammossleague] [  restartedMain] o.s.w.s.handler.SimpleUrlHandlerMapping  : Patterns [/webjars/**, /**] in 'resourceHandlerMapping'
2025-08-08T11:29:34.737-04:00 DEBUG 22904 --- [cammossleague] [  restartedMain] s.w.s.m.m.a.RequestMappingHandlerAdapter : ControllerAdvice beans: 0 @ModelAttribute, 0 @InitBinder, 1 RequestBodyAdvice, 1 ResponseBodyAdvice
2025-08-08T11:29:34.763-04:00 DEBUG 22904 --- [cammossleague] [  restartedMain] .m.m.a.ExceptionHandlerExceptionResolver : ControllerAdvice beans: 0 @ExceptionHandler, 1 ResponseBodyAdvice
2025-08-08T11:29:34.806-04:00  INFO 22904 --- [cammossleague] [  restartedMain] o.s.b.a.h2.H2ConsoleAutoConfiguration    : H2 console available at '/h2-console'. Database available at 'jdbc:h2:mem:testdb'
2025-08-08T11:29:34.863-04:00  WARN 22904 --- [cammossleague] [  restartedMain] o.s.b.d.a.OptionalLiveReloadServer       : Unable to start LiveReload server
2025-08-08T11:29:34.884-04:00  INFO 22904 --- [cammossleague] [  restartedMain] o.s.b.w.embedded.tomcat.TomcatWebServer  : Tomcat started on port 8080 (http) with context path '/'
2025-08-08T11:29:34.890-04:00  INFO 22904 --- [cammossleague] [  restartedMain] cammossleague.CammossleagueApplication   : Started CammossleagueApplication in 3.184 seconds (process running for 3.513)
2025-08-08T11:29:35.090-04:00 DEBUG 22904 --- [cammossleague] [  restartedMain] org.hibernate.SQL                        : 
    select
        count(*) 
    from
        seasons s1_0
Hibernate: 
    select
        count(*) 
    from
        seasons s1_0
🚀 Initializing database with comprehensive sample data...
2025-08-08T11:29:35.133-04:00 DEBUG 22904 --- [cammossleague] [  restartedMain] org.hibernate.SQL                        : 
    insert 
    into
        seasons
        (created_at, description, end_date, is_active, is_registration_open, max_players_per_team, max_teams, name, playoff_start_date, registration_close_date, registration_open_date, rules_url, season_type, start_date, updated_at, season_year, id) 
    values
        (?, ?, ?, ?, ?, ?, ?, ?, ?, ?, ?, ?, ?, ?, ?, ?, default)
Hibernate: 
    insert 
    into
        seasons
        (created_at, description, end_date, is_active, is_registration_open, max_players_per_team, max_teams, name, playoff_start_date, registration_close_date, registration_open_date, rules_url, season_type, start_date, updated_at, season_year, id) 
    values
        (?, ?, ?, ?, ?, ?, ?, ?, ?, ?, ?, ?, ?, ?, ?, ?, default)
2025-08-08T11:29:35.144-04:00 DEBUG 22904 --- [cammossleague] [  restartedMain] org.hibernate.SQL                        : 
    insert 
    into
        seasons
        (created_at, description, end_date, is_active, is_registration_open, max_players_per_team, max_teams, name, playoff_start_date, registration_close_date, registration_open_date, rules_url, season_type, start_date, updated_at, season_year, id) 
    values
        (?, ?, ?, ?, ?, ?, ?, ?, ?, ?, ?, ?, ?, ?, ?, ?, default)
Hibernate: 
    insert 
    into
        seasons
        (created_at, description, end_date, is_active, is_registration_open, max_players_per_team, max_teams, name, playoff_start_date, registration_close_date, registration_open_date, rules_url, season_type, start_date, updated_at, season_year, id) 
    values
        (?, ?, ?, ?, ?, ?, ?, ?, ?, ?, ?, ?, ?, ?, ?, ?, default)
2025-08-08T11:29:35.145-04:00 DEBUG 22904 --- [cammossleague] [  restartedMain] org.hibernate.SQL                        : 
    insert 
    into
        seasons
        (created_at, description, end_date, is_active, is_registration_open, max_players_per_team, max_teams, name, playoff_start_date, registration_close_date, registration_open_date, rules_url, season_type, start_date, updated_at, season_year, id) 
    values
        (?, ?, ?, ?, ?, ?, ?, ?, ?, ?, ?, ?, ?, ?, ?, ?, default)
Hibernate: 
    insert 
    into
        seasons
        (created_at, description, end_date, is_active, is_registration_open, max_players_per_team, max_teams, name, playoff_start_date, registration_close_date, registration_open_date, rules_url, season_type, start_date, updated_at, season_year, id) 
    values
        (?, ?, ?, ?, ?, ?, ?, ?, ?, ?, ?, ?, ?, ?, ?, ?, default)
✅ Created 3 seasons
2025-08-08T11:29:35.151-04:00 DEBUG 22904 --- [cammossleague] [  restartedMain] org.hibernate.SQL                        : 
    insert 
    into
        teams
        (captain_user_id, city, coach_user_id, created_at, is_active, logo_url, losses, name, points_against, points_for, primary_color, season_id, secondary_color, updated_at, wins, id) 
    values
        (?, ?, ?, ?, ?, ?, ?, ?, ?, ?, ?, ?, ?, ?, ?, default)
Hibernate: 
    insert 
    into
        teams
        (captain_user_id, city, coach_user_id, created_at, is_active, logo_url, losses, name, points_against, points_for, primary_color, season_id, secondary_color, updated_at, wins, id) 
    values
        (?, ?, ?, ?, ?, ?, ?, ?, ?, ?, ?, ?, ?, ?, ?, default)
2025-08-08T11:29:35.152-04:00 DEBUG 22904 --- [cammossleague] [  restartedMain] org.hibernate.SQL                        : 
    insert 
    into
        teams
        (captain_user_id, city, coach_user_id, created_at, is_active, logo_url, losses, name, points_against, points_for, primary_color, season_id, secondary_color, updated_at, wins, id) 
    values
        (?, ?, ?, ?, ?, ?, ?, ?, ?, ?, ?, ?, ?, ?, ?, default)
Hibernate: 
    insert 
    into
        teams
        (captain_user_id, city, coach_user_id, created_at, is_active, logo_url, losses, name, points_against, points_for, primary_color, season_id, secondary_color, updated_at, wins, id) 
    values
        (?, ?, ?, ?, ?, ?, ?, ?, ?, ?, ?, ?, ?, ?, ?, default)
2025-08-08T11:29:35.153-04:00 DEBUG 22904 --- [cammossleague] [  restartedMain] org.hibernate.SQL                        : 
    insert 
    into
        teams
        (captain_user_id, city, coach_user_id, created_at, is_active, logo_url, losses, name, points_against, points_for, primary_color, season_id, secondary_color, updated_at, wins, id) 
    values
        (?, ?, ?, ?, ?, ?, ?, ?, ?, ?, ?, ?, ?, ?, ?, default)
Hibernate: 
    insert 
    into
        teams
        (captain_user_id, city, coach_user_id, created_at, is_active, logo_url, losses, name, points_against, points_for, primary_color, season_id, secondary_color, updated_at, wins, id) 
    values
        (?, ?, ?, ?, ?, ?, ?, ?, ?, ?, ?, ?, ?, ?, ?, default)
2025-08-08T11:29:35.154-04:00 DEBUG 22904 --- [cammossleague] [  restartedMain] org.hibernate.SQL                        : 
    insert 
    into
        teams
        (captain_user_id, city, coach_user_id, created_at, is_active, logo_url, losses, name, points_against, points_for, primary_color, season_id, secondary_color, updated_at, wins, id) 
    values
        (?, ?, ?, ?, ?, ?, ?, ?, ?, ?, ?, ?, ?, ?, ?, default)
Hibernate: 
    insert 
    into
        teams
        (captain_user_id, city, coach_user_id, created_at, is_active, logo_url, losses, name, points_against, points_for, primary_color, season_id, secondary_color, updated_at, wins, id) 
    values
        (?, ?, ?, ?, ?, ?, ?, ?, ?, ?, ?, ?, ?, ?, ?, default)
2025-08-08T11:29:35.155-04:00 DEBUG 22904 --- [cammossleague] [  restartedMain] org.hibernate.SQL                        : 
    insert 
    into
        teams
        (captain_user_id, city, coach_user_id, created_at, is_active, logo_url, losses, name, points_against, points_for, primary_color, season_id, secondary_color, updated_at, wins, id) 
    values
        (?, ?, ?, ?, ?, ?, ?, ?, ?, ?, ?, ?, ?, ?, ?, default)
Hibernate: 
    insert 
    into
        teams
        (captain_user_id, city, coach_user_id, created_at, is_active, logo_url, losses, name, points_against, points_for, primary_color, season_id, secondary_color, updated_at, wins, id) 
    values
        (?, ?, ?, ?, ?, ?, ?, ?, ?, ?, ?, ?, ?, ?, ?, default)
2025-08-08T11:29:35.155-04:00 DEBUG 22904 --- [cammossleague] [  restartedMain] org.hibernate.SQL                        : 
    insert 
    into
        teams
        (captain_user_id, city, coach_user_id, created_at, is_active, logo_url, losses, name, points_against, points_for, primary_color, season_id, secondary_color, updated_at, wins, id) 
    values
        (?, ?, ?, ?, ?, ?, ?, ?, ?, ?, ?, ?, ?, ?, ?, default)
Hibernate: 
    insert 
    into
        teams
        (captain_user_id, city, coach_user_id, created_at, is_active, logo_url, losses, name, points_against, points_for, primary_color, season_id, secondary_color, updated_at, wins, id) 
    values
        (?, ?, ?, ?, ?, ?, ?, ?, ?, ?, ?, ?, ?, ?, ?, default)
2025-08-08T11:29:35.156-04:00 DEBUG 22904 --- [cammossleague] [  restartedMain] org.hibernate.SQL                        : 
    insert 
    into
        teams
        (captain_user_id, city, coach_user_id, created_at, is_active, logo_url, losses, name, points_against, points_for, primary_color, season_id, secondary_color, updated_at, wins, id) 
    values
        (?, ?, ?, ?, ?, ?, ?, ?, ?, ?, ?, ?, ?, ?, ?, default)
Hibernate: 
    insert 
    into
        teams
        (captain_user_id, city, coach_user_id, created_at, is_active, logo_url, losses, name, points_against, points_for, primary_color, season_id, secondary_color, updated_at, wins, id) 
    values
        (?, ?, ?, ?, ?, ?, ?, ?, ?, ?, ?, ?, ?, ?, ?, default)
2025-08-08T11:29:35.157-04:00 DEBUG 22904 --- [cammossleague] [  restartedMain] org.hibernate.SQL                        : 
    insert 
    into
        teams
        (captain_user_id, city, coach_user_id, created_at, is_active, logo_url, losses, name, points_against, points_for, primary_color, season_id, secondary_color, updated_at, wins, id) 
    values
        (?, ?, ?, ?, ?, ?, ?, ?, ?, ?, ?, ?, ?, ?, ?, default)
Hibernate: 
    insert 
    into
        teams
        (captain_user_id, city, coach_user_id, created_at, is_active, logo_url, losses, name, points_against, points_for, primary_color, season_id, secondary_color, updated_at, wins, id) 
    values
        (?, ?, ?, ?, ?, ?, ?, ?, ?, ?, ?, ?, ?, ?, ?, default)
2025-08-08T11:29:35.157-04:00 DEBUG 22904 --- [cammossleague] [  restartedMain] org.hibernate.SQL                        : 
    insert 
    into
        teams
        (captain_user_id, city, coach_user_id, created_at, is_active, logo_url, losses, name, points_against, points_for, primary_color, season_id, secondary_color, updated_at, wins, id) 
    values
        (?, ?, ?, ?, ?, ?, ?, ?, ?, ?, ?, ?, ?, ?, ?, default)
Hibernate: 
    insert 
    into
        teams
        (captain_user_id, city, coach_user_id, created_at, is_active, logo_url, losses, name, points_against, points_for, primary_color, season_id, secondary_color, updated_at, wins, id) 
    values
        (?, ?, ?, ?, ?, ?, ?, ?, ?, ?, ?, ?, ?, ?, ?, default)
2025-08-08T11:29:35.158-04:00 DEBUG 22904 --- [cammossleague] [  restartedMain] org.hibernate.SQL                        : 
    insert 
    into
        teams
        (captain_user_id, city, coach_user_id, created_at, is_active, logo_url, losses, name, points_against, points_for, primary_color, season_id, secondary_color, updated_at, wins, id) 
    values
        (?, ?, ?, ?, ?, ?, ?, ?, ?, ?, ?, ?, ?, ?, ?, default)
Hibernate: 
    insert 
    into
        teams
        (captain_user_id, city, coach_user_id, created_at, is_active, logo_url, losses, name, points_against, points_for, primary_color, season_id, secondary_color, updated_at, wins, id) 
    values
        (?, ?, ?, ?, ?, ?, ?, ?, ?, ?, ?, ?, ?, ?, ?, default)
✅ Created 10 teams across 3 seasons
2025-08-08T11:29:35.160-04:00 DEBUG 22904 --- [cammossleague] [  restartedMain] org.hibernate.SQL                        : 
    insert 
    into
        players
        (created_at, height_inches, is_active, jersey_number, position, season_id, stats_assists, stats_games_played, stats_points, stats_rebounds, updated_at, user_id, weight_lbs, years_experience, id) 
    values
        (?, ?, ?, ?, ?, ?, ?, ?, ?, ?, ?, ?, ?, ?, default)
Hibernate: 
    insert 
    into
        players
        (created_at, height_inches, is_active, jersey_number, position, season_id, stats_assists, stats_games_played, stats_points, stats_rebounds, updated_at, user_id, weight_lbs, years_experience, id) 
    values
        (?, ?, ?, ?, ?, ?, ?, ?, ?, ?, ?, ?, ?, ?, default)
2025-08-08T11:29:35.162-04:00  WARN 22904 --- [cammossleague] [  restartedMain] o.h.engine.jdbc.spi.SqlExceptionHelper   : SQL Error: 23502, SQLState: 23502
2025-08-08T11:29:35.162-04:00 ERROR 22904 --- [cammossleague] [  restartedMain] o.h.engine.jdbc.spi.SqlExceptionHelper   : NULL not allowed for column "USER_ID"; SQL statement:
insert into players (created_at,height_inches,is_active,jersey_number,position,season_id,stats_assists,stats_games_played,stats_points,stats_rebounds,updated_at,user_id,weight_lbs,years_experience,id) values (?,?,?,?,?,?,?,?,?,?,?,?,?,?,default) [23502-232]
2025-08-08T11:29:35.167-04:00  INFO 22904 --- [cammossleague] [  restartedMain] .s.b.a.l.ConditionEvaluationReportLogger : 

Error starting ApplicationContext. To display the condition evaluation report re-run your application with 'debug' enabled.
2025-08-08T11:29:35.177-04:00 ERROR 22904 --- [cammossleague] [  restartedMain] o.s.boot.SpringApplication               : Application run failed

org.springframework.dao.DataIntegrityViolationException: could not execute statement [NULL not allowed for column "USER_ID"; SQL statement:
insert into players (created_at,height_inches,is_active,jersey_number,position,season_id,stats_assists,stats_games_played,stats_points,stats_rebounds,updated_at,user_id,weight_lbs,years_experience,id) values (?,?,?,?,?,?,?,?,?,?,?,?,?,?,default) [23502-232]] [insert into players (created_at,height_inches,is_active,jersey_number,position,season_id,stats_assists,stats_games_played,stats_points,stats_rebounds,updated_at,user_id,weight_lbs,years_experience,id) values (?,?,?,?,?,?,?,?,?,?,?,?,?,?,default)]; SQL [insert into players (created_at,height_inches,is_active,jersey_number,position,season_id,stats_assists,stats_games_played,stats_points,stats_rebounds,updated_at,user_id,weight_lbs,years_experience,id) values (?,?,?,?,?,?,?,?,?,?,?,?,?,?,default)]; constraint [null]
	at org.springframework.orm.jpa.vendor.HibernateJpaDialect.convertHibernateAccessException(HibernateJpaDialect.java:294) ~[spring-orm-6.2.8.jar:6.2.8]
	at org.springframework.orm.jpa.vendor.HibernateJpaDialect.convertHibernateAccessException(HibernateJpaDialect.java:256) ~[spring-orm-6.2.8.jar:6.2.8]
	at org.springframework.orm.jpa.vendor.HibernateJpaDialect.translateExceptionIfPossible(HibernateJpaDialect.java:241) ~[spring-orm-6.2.8.jar:6.2.8]
	at org.springframework.orm.jpa.AbstractEntityManagerFactoryBean.translateExceptionIfPossible(AbstractEntityManagerFactoryBean.java:560) ~[spring-orm-6.2.8.jar:6.2.8]
	at org.springframework.dao.support.ChainedPersistenceExceptionTranslator.translateExceptionIfPossible(ChainedPersistenceExceptionTranslator.java:61) ~[spring-tx-6.2.8.jar:6.2.8]
	at org.springframework.dao.support.DataAccessUtils.translateIfNecessary(DataAccessUtils.java:343) ~[spring-tx-6.2.8.jar:6.2.8]
	at org.springframework.dao.support.PersistenceExceptionTranslationInterceptor.invoke(PersistenceExceptionTranslationInterceptor.java:160) ~[spring-tx-6.2.8.jar:6.2.8]
	at org.springframework.aop.framework.ReflectiveMethodInvocation.proceed(ReflectiveMethodInvocation.java:184) ~[spring-aop-6.2.8.jar:6.2.8]
	at org.springframework.data.jpa.repository.support.CrudMethodMetadataPostProcessor$CrudMethodMetadataPopulatingMethodInterceptor.invoke(CrudMethodMetadataPostProcessor.java:165) ~[spring-data-jpa-3.5.1.jar:3.5.1]
	at org.springframework.aop.framework.ReflectiveMethodInvocation.proceed(ReflectiveMethodInvocation.java:184) ~[spring-aop-6.2.8.jar:6.2.8]
	at org.springframework.aop.framework.JdkDynamicAopProxy.invoke(JdkDynamicAopProxy.java:223) ~[spring-aop-6.2.8.jar:6.2.8]
	at jdk.proxy4/jdk.proxy4.$Proxy143.saveAll(Unknown Source) ~[na:na]
	at cammossleague.config.DataInitializer.initializeSampleData(DataInitializer.java:143) ~[classes/:na]
	at cammossleague.config.DataInitializer.run(DataInitializer.java:30) ~[classes/:na]
	at org.springframework.boot.SpringApplication.lambda$callRunner$5(SpringApplication.java:788) ~[spring-boot-3.5.3.jar:3.5.3]
	at org.springframework.util.function.ThrowingConsumer$1.acceptWithException(ThrowingConsumer.java:82) ~[spring-core-6.2.8.jar:6.2.8]
	at org.springframework.util.function.ThrowingConsumer.accept(ThrowingConsumer.java:60) ~[spring-core-6.2.8.jar:6.2.8]
	at org.springframework.util.function.ThrowingConsumer$1.accept(ThrowingConsumer.java:86) ~[spring-core-6.2.8.jar:6.2.8]
	at org.springframework.boot.SpringApplication.callRunner(SpringApplication.java:796) ~[spring-boot-3.5.3.jar:3.5.3]
	at org.springframework.boot.SpringApplication.callRunner(SpringApplication.java:787) ~[spring-boot-3.5.3.jar:3.5.3]
	at org.springframework.boot.SpringApplication.lambda$callRunners$3(SpringApplication.java:772) ~[spring-boot-3.5.3.jar:3.5.3]
	at java.base/java.util.stream.ForEachOps$ForEachOp$OfRef.accept(ForEachOps.java:184) ~[na:na]
	at java.base/java.util.stream.SortedOps$SizedRefSortingSink.end(SortedOps.java:357) ~[na:na]
	at java.base/java.util.stream.AbstractPipeline.copyInto(AbstractPipeline.java:510) ~[na:na]
	at java.base/java.util.stream.AbstractPipeline.wrapAndCopyInto(AbstractPipeline.java:499) ~[na:na]
	at java.base/java.util.stream.ForEachOps$ForEachOp.evaluateSequential(ForEachOps.java:151) ~[na:na]
	at java.base/java.util.stream.ForEachOps$ForEachOp$OfRef.evaluateSequential(ForEachOps.java:174) ~[na:na]
	at java.base/java.util.stream.AbstractPipeline.evaluate(AbstractPipeline.java:234) ~[na:na]
	at java.base/java.util.stream.ReferencePipeline.forEach(ReferencePipeline.java:596) ~[na:na]
	at org.springframework.boot.SpringApplication.callRunners(SpringApplication.java:772) ~[spring-boot-3.5.3.jar:3.5.3]
	at org.springframework.boot.SpringApplication.run(SpringApplication.java:325) ~[spring-boot-3.5.3.jar:3.5.3]
	at org.springframework.boot.SpringApplication.run(SpringApplication.java:1361) ~[spring-boot-3.5.3.jar:3.5.3]
	at org.springframework.boot.SpringApplication.run(SpringApplication.java:1350) ~[spring-boot-3.5.3.jar:3.5.3]
	at cammossleague.CammossleagueApplication.main(CammossleagueApplication.java:10) ~[classes/:na]
	at java.base/jdk.internal.reflect.DirectMethodHandleAccessor.invoke(DirectMethodHandleAccessor.java:103) ~[na:na]
	at java.base/java.lang.reflect.Method.invoke(Method.java:580) ~[na:na]
	at org.springframework.boot.devtools.restart.RestartLauncher.run(RestartLauncher.java:50) ~[spring-boot-devtools-3.5.3.jar:3.5.3]
Caused by: org.hibernate.exception.ConstraintViolationException: could not execute statement [NULL not allowed for column "USER_ID"; SQL statement:
insert into players (created_at,height_inches,is_active,jersey_number,position,season_id,stats_assists,stats_games_played,stats_points,stats_rebounds,updated_at,user_id,weight_lbs,years_experience,id) values (?,?,?,?,?,?,?,?,?,?,?,?,?,?,default) [23502-232]] [insert into players (created_at,height_inches,is_active,jersey_number,position,season_id,stats_assists,stats_games_played,stats_points,stats_rebounds,updated_at,user_id,weight_lbs,years_experience,id) values (?,?,?,?,?,?,?,?,?,?,?,?,?,?,default)]
	at org.hibernate.exception.internal.SQLExceptionTypeDelegate.convert(SQLExceptionTypeDelegate.java:62) ~[hibernate-core-6.6.18.Final.jar:6.6.18.Final]
	at org.hibernate.exception.internal.StandardSQLExceptionConverter.convert(StandardSQLExceptionConverter.java:58) ~[hibernate-core-6.6.18.Final.jar:6.6.18.Final]
	at org.hibernate.engine.jdbc.spi.SqlExceptionHelper.convert(SqlExceptionHelper.java:108) ~[hibernate-core-6.6.18.Final.jar:6.6.18.Final]
	at org.hibernate.engine.jdbc.internal.ResultSetReturnImpl.executeUpdate(ResultSetReturnImpl.java:197) ~[hibernate-core-6.6.18.Final.jar:6.6.18.Final]
	at org.hibernate.id.insert.GetGeneratedKeysDelegate.performMutation(GetGeneratedKeysDelegate.java:116) ~[hibernate-core-6.6.18.Final.jar:6.6.18.Final]
	at org.hibernate.engine.jdbc.mutation.internal.MutationExecutorSingleNonBatched.performNonBatchedOperations(MutationExecutorSingleNonBatched.java:47) ~[hibernate-core-6.6.18.Final.jar:6.6.18.Final]
	at org.hibernate.engine.jdbc.mutation.internal.AbstractMutationExecutor.execute(AbstractMutationExecutor.java:55) ~[hibernate-core-6.6.18.Final.jar:6.6.18.Final]
	at org.hibernate.persister.entity.mutation.InsertCoordinatorStandard.doStaticInserts(InsertCoordinatorStandard.java:194) ~[hibernate-core-6.6.18.Final.jar:6.6.18.Final]
	at org.hibernate.persister.entity.mutation.InsertCoordinatorStandard.coordinateInsert(InsertCoordinatorStandard.java:132) ~[hibernate-core-6.6.18.Final.jar:6.6.18.Final]
	at org.hibernate.persister.entity.mutation.InsertCoordinatorStandard.insert(InsertCoordinatorStandard.java:95) ~[hibernate-core-6.6.18.Final.jar:6.6.18.Final]
	at org.hibernate.action.internal.EntityIdentityInsertAction.execute(EntityIdentityInsertAction.java:85) ~[hibernate-core-6.6.18.Final.jar:6.6.18.Final]
	at org.hibernate.engine.spi.ActionQueue.execute(ActionQueue.java:682) ~[hibernate-core-6.6.18.Final.jar:6.6.18.Final]
	at org.hibernate.engine.spi.ActionQueue.addResolvedEntityInsertAction(ActionQueue.java:293) ~[hibernate-core-6.6.18.Final.jar:6.6.18.Final]
	at org.hibernate.engine.spi.ActionQueue.addInsertAction(ActionQueue.java:274) ~[hibernate-core-6.6.18.Final.jar:6.6.18.Final]
	at org.hibernate.engine.spi.ActionQueue.addAction(ActionQueue.java:324) ~[hibernate-core-6.6.18.Final.jar:6.6.18.Final]
	at org.hibernate.event.internal.AbstractSaveEventListener.addInsertAction(AbstractSaveEventListener.java:394) ~[hibernate-core-6.6.18.Final.jar:6.6.18.Final]
	at org.hibernate.event.internal.AbstractSaveEventListener.performSaveOrReplicate(AbstractSaveEventListener.java:308) ~[hibernate-core-6.6.18.Final.jar:6.6.18.Final]
	at org.hibernate.event.internal.AbstractSaveEventListener.performSave(AbstractSaveEventListener.java:224) ~[hibernate-core-6.6.18.Final.jar:6.6.18.Final]
	at org.hibernate.event.internal.AbstractSaveEventListener.saveWithGeneratedId(AbstractSaveEventListener.java:136) ~[hibernate-core-6.6.18.Final.jar:6.6.18.Final]
	at org.hibernate.event.internal.DefaultPersistEventListener.entityIsTransient(DefaultPersistEventListener.java:177) ~[hibernate-core-6.6.18.Final.jar:6.6.18.Final]
	at org.hibernate.event.internal.DefaultPersistEventListener.persist(DefaultPersistEventListener.java:95) ~[hibernate-core-6.6.18.Final.jar:6.6.18.Final]
	at org.hibernate.event.internal.DefaultPersistEventListener.onPersist(DefaultPersistEventListener.java:79) ~[hibernate-core-6.6.18.Final.jar:6.6.18.Final]
	at org.hibernate.event.internal.DefaultPersistEventListener.onPersist(DefaultPersistEventListener.java:55) ~[hibernate-core-6.6.18.Final.jar:6.6.18.Final]
	at org.hibernate.event.service.internal.EventListenerGroupImpl.fireEventOnEachListener(EventListenerGroupImpl.java:127) ~[hibernate-core-6.6.18.Final.jar:6.6.18.Final]
	at org.hibernate.internal.SessionImpl.firePersist(SessionImpl.java:761) ~[hibernate-core-6.6.18.Final.jar:6.6.18.Final]
	at org.hibernate.internal.SessionImpl.persist(SessionImpl.java:745) ~[hibernate-core-6.6.18.Final.jar:6.6.18.Final]
	at java.base/jdk.internal.reflect.DirectMethodHandleAccessor.invoke(DirectMethodHandleAccessor.java:103) ~[na:na]
	at java.base/java.lang.reflect.Method.invoke(Method.java:580) ~[na:na]
	at org.springframework.orm.jpa.SharedEntityManagerCreator$SharedEntityManagerInvocationHandler.invoke(SharedEntityManagerCreator.java:320) ~[spring-orm-6.2.8.jar:6.2.8]
	at jdk.proxy4/jdk.proxy4.$Proxy135.persist(Unknown Source) ~[na:na]
	at org.springframework.data.jpa.repository.support.SimpleJpaRepository.save(SimpleJpaRepository.java:653) ~[spring-data-jpa-3.5.1.jar:3.5.1]
	at org.springframework.data.jpa.repository.support.SimpleJpaRepository.saveAll(SimpleJpaRepository.java:679) ~[spring-data-jpa-3.5.1.jar:3.5.1]
	at java.base/jdk.internal.reflect.DirectMethodHandleAccessor.invoke(DirectMethodHandleAccessor.java:103) ~[na:na]
	at java.base/java.lang.reflect.Method.invoke(Method.java:580) ~[na:na]
	at org.springframework.aop.support.AopUtils.invokeJoinpointUsingReflection(AopUtils.java:359) ~[spring-aop-6.2.8.jar:6.2.8]
	at org.springframework.data.repository.core.support.RepositoryMethodInvoker$RepositoryFragmentMethodInvoker.lambda$new$0(RepositoryMethodInvoker.java:277) ~[spring-data-commons-3.5.1.jar:3.5.1]
	at org.springframework.data.repository.core.support.RepositoryMethodInvoker.doInvoke(RepositoryMethodInvoker.java:170) ~[spring-data-commons-3.5.1.jar:3.5.1]
	at org.springframework.data.repository.core.support.RepositoryMethodInvoker.invoke(RepositoryMethodInvoker.java:158) ~[spring-data-commons-3.5.1.jar:3.5.1]
	at org.springframework.data.repository.core.support.RepositoryComposition$RepositoryFragments.invoke(RepositoryComposition.java:515) ~[spring-data-commons-3.5.1.jar:3.5.1]
	at org.springframework.data.repository.core.support.RepositoryComposition.invoke(RepositoryComposition.java:284) ~[spring-data-commons-3.5.1.jar:3.5.1]
	at org.springframework.data.repository.core.support.RepositoryFactorySupport$ImplementationMethodExecutionInterceptor.invoke(RepositoryFactorySupport.java:734) ~[spring-data-commons-3.5.1.jar:3.5.1]
	at org.springframework.aop.framework.ReflectiveMethodInvocation.proceed(ReflectiveMethodInvocation.java:184) ~[spring-aop-6.2.8.jar:6.2.8]
	at org.springframework.data.repository.core.support.QueryExecutorMethodInterceptor.doInvoke(QueryExecutorMethodInterceptor.java:174) ~[spring-data-commons-3.5.1.jar:3.5.1]
	at org.springframework.data.repository.core.support.QueryExecutorMethodInterceptor.invoke(QueryExecutorMethodInterceptor.java:149) ~[spring-data-commons-3.5.1.jar:3.5.1]
	at org.springframework.aop.framework.ReflectiveMethodInvocation.proceed(ReflectiveMethodInvocation.java:184) ~[spring-aop-6.2.8.jar:6.2.8]
	at org.springframework.data.projection.DefaultMethodInvokingMethodInterceptor.invoke(DefaultMethodInvokingMethodInterceptor.java:69) ~[spring-data-commons-3.5.1.jar:3.5.1]
	at org.springframework.aop.framework.ReflectiveMethodInvocation.proceed(ReflectiveMethodInvocation.java:184) ~[spring-aop-6.2.8.jar:6.2.8]
	at org.springframework.transaction.interceptor.TransactionAspectSupport.invokeWithinTransaction(TransactionAspectSupport.java:380) ~[spring-tx-6.2.8.jar:6.2.8]
	at org.springframework.transaction.interceptor.TransactionInterceptor.invoke(TransactionInterceptor.java:119) ~[spring-tx-6.2.8.jar:6.2.8]
	at org.springframework.aop.framework.ReflectiveMethodInvocation.proceed(ReflectiveMethodInvocation.java:184) ~[spring-aop-6.2.8.jar:6.2.8]
	at org.springframework.dao.support.PersistenceExceptionTranslationInterceptor.invoke(PersistenceExceptionTranslationInterceptor.java:138) ~[spring-tx-6.2.8.jar:6.2.8]
	... 30 common frames omitted
Caused by: org.h2.jdbc.JdbcSQLIntegrityConstraintViolationException: NULL not allowed for column "USER_ID"; SQL statement:
insert into players (created_at,height_inches,is_active,jersey_number,position,season_id,stats_assists,stats_games_played,stats_points,stats_rebounds,updated_at,user_id,weight_lbs,years_experience,id) values (?,?,?,?,?,?,?,?,?,?,?,?,?,?,default) [23502-232]
	at org.h2.message.DbException.getJdbcSQLException(DbException.java:520) ~[h2-2.3.232.jar:2.3.232]
	at org.h2.message.DbException.getJdbcSQLException(DbException.java:489) ~[h2-2.3.232.jar:2.3.232]
	at org.h2.message.DbException.get(DbException.java:223) ~[h2-2.3.232.jar:2.3.232]
	at org.h2.message.DbException.get(DbException.java:199) ~[h2-2.3.232.jar:2.3.232]
	at org.h2.table.Column.validateConvertUpdateSequence(Column.java:402) ~[h2-2.3.232.jar:2.3.232]
	at org.h2.table.Table.convertInsertRow(Table.java:963) ~[h2-2.3.232.jar:2.3.232]
	at org.h2.command.dml.Insert.insertRows(Insert.java:167) ~[h2-2.3.232.jar:2.3.232]
	at org.h2.command.dml.Insert.update(Insert.java:135) ~[h2-2.3.232.jar:2.3.232]
	at org.h2.command.CommandContainer.executeUpdateWithGeneratedKeys(CommandContainer.java:212) ~[h2-2.3.232.jar:2.3.232]
	at org.h2.command.CommandContainer.update(CommandContainer.java:133) ~[h2-2.3.232.jar:2.3.232]
	at org.h2.command.Command.executeUpdate(Command.java:304) ~[h2-2.3.232.jar:2.3.232]
	at org.h2.command.Command.executeUpdate(Command.java:248) ~[h2-2.3.232.jar:2.3.232]
	at org.h2.jdbc.JdbcPreparedStatement.executeUpdateInternal(JdbcPreparedStatement.java:213) ~[h2-2.3.232.jar:2.3.232]
	at org.h2.jdbc.JdbcPreparedStatement.executeUpdate(JdbcPreparedStatement.java:172) ~[h2-2.3.232.jar:2.3.232]
	at com.zaxxer.hikari.pool.ProxyPreparedStatement.executeUpdate(ProxyPreparedStatement.java:61) ~[HikariCP-6.3.0.jar:na]
	at com.zaxxer.hikari.pool.HikariProxyPreparedStatement.executeUpdate(HikariProxyPreparedStatement.java) ~[HikariCP-6.3.0.jar:na]
	at org.hibernate.engine.jdbc.internal.ResultSetReturnImpl.executeUpdate(ResultSetReturnImpl.java:194) ~[hibernate-core-6.6.18.Final.jar:6.6.18.Final]
	... 77 common frames omitted

2025-08-08T11:29:35.181-04:00  INFO 22904 --- [cammossleague] [  restartedMain] o.s.b.w.e.tomcat.GracefulShutdown        : Commencing graceful shutdown. Waiting for active requests to complete
2025-08-08T11:29:35.186-04:00  INFO 22904 --- [cammossleague] [tomcat-shutdown] o.s.b.w.e.tomcat.GracefulShutdown        : Graceful shutdown complete
2025-08-08T11:29:35.188-04:00  INFO 22904 --- [cammossleague] [  restartedMain] j.LocalContainerEntityManagerFactoryBean : Closing JPA EntityManagerFactory for persistence unit 'default'
2025-08-08T11:29:35.189-04:00 DEBUG 22904 --- [cammossleague] [  restartedMain] org.hibernate.SQL                        : 
    drop table if exists game_results cascade 
Hibernate: 
    drop table if exists game_results cascade 
2025-08-08T11:29:35.191-04:00 DEBUG 22904 --- [cammossleague] [  restartedMain] org.hibernate.SQL                        : 
    drop table if exists games cascade 
Hibernate: 
    drop table if exists games cascade 
2025-08-08T11:29:35.191-04:00 DEBUG 22904 --- [cammossleague] [  restartedMain] org.hibernate.SQL                        : 
    drop table if exists league_updates cascade 
Hibernate: 
    drop table if exists league_updates cascade 
2025-08-08T11:29:35.191-04:00 DEBUG 22904 --- [cammossleague] [  restartedMain] org.hibernate.SQL                        : 
    drop table if exists player_teams cascade 
Hibernate: 
    drop table if exists player_teams cascade 
2025-08-08T11:29:35.192-04:00 DEBUG 22904 --- [cammossleague] [  restartedMain] org.hibernate.SQL                        : 
    drop table if exists players cascade 
Hibernate: 
    drop table if exists players cascade 
2025-08-08T11:29:35.192-04:00 DEBUG 22904 --- [cammossleague] [  restartedMain] org.hibernate.SQL                        : 
    drop table if exists seasons cascade 
Hibernate: 
    drop table if exists seasons cascade 
2025-08-08T11:29:35.192-04:00 DEBUG 22904 --- [cammossleague] [  restartedMain] org.hibernate.SQL                        : 
    drop table if exists teams cascade 
Hibernate: 
    drop table if exists teams cascade 
2025-08-08T11:29:35.193-04:00 DEBUG 22904 --- [cammossleague] [  restartedMain] org.hibernate.SQL                        : 
    drop table if exists users cascade 
Hibernate: 
    drop table if exists users cascade 
2025-08-08T11:29:35.196-04:00  WARN 22904 --- [cammossleague] [  restartedMain] o.s.b.f.support.DisposableBeanAdapter    : Invocation of destroy method failed on bean with name 'inMemoryDatabaseShutdownExecutor': org.h2.jdbc.JdbcSQLNonTransientConnectionException: Database is already closed (to disable automatic closing at VM shutdown, add ";DB_CLOSE_ON_EXIT=FALSE" to the db URL) [90121-232]
2025-08-08T11:29:35.196-04:00  INFO 22904 --- [cammossleague] [  restartedMain] com.zaxxer.hikari.HikariDataSource       : HikariPool-1 - Shutdown initiated...
2025-08-08T11:29:35.197-04:00  INFO 22904 --- [cammossleague] [  restartedMain] com.zaxxer.hikari.HikariDataSource       : HikariPool-1 - Shutdown completed.
[INFO] ------------------------------------------------------------------------
[INFO] BUILD SUCCESS
[INFO] ------------------------------------------------------------------------
[INFO] Total time:  9.882 s
[INFO] Finished at: 2025-08-08T11:29:35-04:00
[INFO] ------------------------------------------------------------------------
